//FiestyGen (C) 2014 by Jeffery A Esposito
const YBitBoard CGen::mbbKnightAttacks[CSqix::kNumSquares] = {
    /* a1 */ 0x20400ULL,
    /* b1 */ 0x50800ULL,
    /* c1 */ 0xa1100ULL,
    /* d1 */ 0x142200ULL,
    /* e1 */ 0x284400ULL,
    /* f1 */ 0x508800ULL,
    /* g1 */ 0xa01000ULL,
    /* h1 */ 0x402000ULL,
    /* a2 */ 0x2040004ULL,
    /* b2 */ 0x5080008ULL,
    /* c2 */ 0xa110011ULL,
    /* d2 */ 0x14220022ULL,
    /* e2 */ 0x28440044ULL,
    /* f2 */ 0x50880088ULL,
    /* g2 */ 0xa0100010ULL,
    /* h2 */ 0x40200020ULL,
    /* a3 */ 0x204000402ULL,
    /* b3 */ 0x508000805ULL,
    /* c3 */ 0xa1100110aULL,
    /* d3 */ 0x1422002214ULL,
    /* e3 */ 0x2844004428ULL,
    /* f3 */ 0x5088008850ULL,
    /* g3 */ 0xa0100010a0ULL,
    /* h3 */ 0x4020002040ULL,
    /* a4 */ 0x20400040200ULL,
    /* b4 */ 0x50800080500ULL,
    /* c4 */ 0xa1100110a00ULL,
    /* d4 */ 0x142200221400ULL,
    /* e4 */ 0x284400442800ULL,
    /* f4 */ 0x508800885000ULL,
    /* g4 */ 0xa0100010a000ULL,
    /* h4 */ 0x402000204000ULL,
    /* a5 */ 0x2040004020000ULL,
    /* b5 */ 0x5080008050000ULL,
    /* c5 */ 0xa1100110a0000ULL,
    /* d5 */ 0x14220022140000ULL,
    /* e5 */ 0x28440044280000ULL,
    /* f5 */ 0x50880088500000ULL,
    /* g5 */ 0xa0100010a00000ULL,
    /* h5 */ 0x40200020400000ULL,
    /* a6 */ 0x204000402000000ULL,
    /* b6 */ 0x508000805000000ULL,
    /* c6 */ 0xa1100110a000000ULL,
    /* d6 */ 0x1422002214000000ULL,
    /* e6 */ 0x2844004428000000ULL,
    /* f6 */ 0x5088008850000000ULL,
    /* g6 */ 0xa0100010a0000000ULL,
    /* h6 */ 0x4020002040000000ULL,
    /* a7 */ 0x400040200000000ULL,
    /* b7 */ 0x800080500000000ULL,
    /* c7 */ 0x1100110a00000000ULL,
    /* d7 */ 0x2200221400000000ULL,
    /* e7 */ 0x4400442800000000ULL,
    /* f7 */ 0x8800885000000000ULL,
    /* g7 */ 0x100010a000000000ULL,
    /* h7 */ 0x2000204000000000ULL,
    /* a8 */ 0x4020000000000ULL,
    /* b8 */ 0x8050000000000ULL,
    /* c8 */ 0x110a0000000000ULL,
    /* d8 */ 0x22140000000000ULL,
    /* e8 */ 0x44280000000000ULL,
    /* f8 */ 0x88500000000000ULL,
    /* g8 */ 0x10a00000000000ULL,
    /* h8 */ 0x20400000000000ULL };
const YBitBoard CGen::mbbKingAttacks[CSqix::kNumSquares] = {
/* a1
00000000
00000000
00000000
00000000
00000000
00000000
11000000
01000000
*/
    /* a1 */ 0x302ULL,
/* b1
00000000
00000000
00000000
00000000
00000000
00000000
11100000
10100000
*/
    /* b1 */ 0x705ULL,
/* c1
00000000
00000000
00000000
00000000
00000000
00000000
01110000
01010000
*/
    /* c1 */ 0xe0aULL,
/* d1
00000000
00000000
00000000
00000000
00000000
00000000
00111000
00101000
*/
    /* d1 */ 0x1c14ULL,
/* e1
00000000
00000000
00000000
00000000
00000000
00000000
00011100
00010100
*/
    /* e1 */ 0x3828ULL,
/* f1
00000000
00000000
00000000
00000000
00000000
00000000
00001110
00001010
*/
    /* f1 */ 0x7050ULL,
/* g1
00000000
00000000
00000000
00000000
00000000
00000000
00000111
00000101
*/
    /* g1 */ 0xe0a0ULL,
/* h1
00000000
00000000
00000000
00000000
00000000
00000000
00000011
00000010
*/
    /* h1 */ 0xc040ULL,
/* a2
00000000
00000000
00000000
00000000
00000000
11000000
01000000
11000000
*/
    /* a2 */ 0x30203ULL,
/* b2
00000000
00000000
00000000
00000000
00000000
11100000
10100000
11100000
*/
    /* b2 */ 0x70507ULL,
/* c2
00000000
00000000
00000000
00000000
00000000
01110000
01010000
01110000
*/
    /* c2 */ 0xe0a0eULL,
/* d2
00000000
00000000
00000000
00000000
00000000
00111000
00101000
00111000
*/
    /* d2 */ 0x1c141cULL,
/* e2
00000000
00000000
00000000
00000000
00000000
00011100
00010100
00011100
*/
    /* e2 */ 0x382838ULL,
/* f2
00000000
00000000
00000000
00000000
00000000
00001110
00001010
00001110
*/
    /* f2 */ 0x705070ULL,
/* g2
00000000
00000000
00000000
00000000
00000000
00000111
00000101
00000111
*/
    /* g2 */ 0xe0a0e0ULL,
/* h2
00000000
00000000
00000000
00000000
00000000
00000011
00000010
00000011
*/
    /* h2 */ 0xc040c0ULL,
/* a3
00000000
00000000
00000000
00000000
11000000
01000000
11000000
00000000
*/
    /* a3 */ 0x3020300ULL,
/* b3
00000000
00000000
00000000
00000000
11100000
10100000
11100000
00000000
*/
    /* b3 */ 0x7050700ULL,
/* c3
00000000
00000000
00000000
00000000
01110000
01010000
01110000
00000000
*/
    /* c3 */ 0xe0a0e00ULL,
/* d3
00000000
00000000
00000000
00000000
00111000
00101000
00111000
00000000
*/
    /* d3 */ 0x1c141c00ULL,
/* e3
00000000
00000000
00000000
00000000
00011100
00010100
00011100
00000000
*/
    /* e3 */ 0x38283800ULL,
/* f3
00000000
00000000
00000000
00000000
00001110
00001010
00001110
00000000
*/
    /* f3 */ 0x70507000ULL,
/* g3
00000000
00000000
00000000
00000000
00000111
00000101
00000111
00000000
*/
    /* g3 */ 0xe0a0e000ULL,
/* h3
00000000
00000000
00000000
00000000
00000011
00000010
00000011
00000000
*/
    /* h3 */ 0xc040c000ULL,
/* a4
00000000
00000000
00000000
11000000
01000000
11000000
00000000
00000000
*/
    /* a4 */ 0x302030000ULL,
/* b4
00000000
00000000
00000000
11100000
10100000
11100000
00000000
00000000
*/
    /* b4 */ 0x705070000ULL,
/* c4
00000000
00000000
00000000
01110000
01010000
01110000
00000000
00000000
*/
    /* c4 */ 0xe0a0e0000ULL,
/* d4
00000000
00000000
00000000
00111000
00101000
00111000
00000000
00000000
*/
    /* d4 */ 0x1c141c0000ULL,
/* e4
00000000
00000000
00000000
00011100
00010100
00011100
00000000
00000000
*/
    /* e4 */ 0x3828380000ULL,
/* f4
00000000
00000000
00000000
00001110
00001010
00001110
00000000
00000000
*/
    /* f4 */ 0x7050700000ULL,
/* g4
00000000
00000000
00000000
00000111
00000101
00000111
00000000
00000000
*/
    /* g4 */ 0xe0a0e00000ULL,
/* h4
00000000
00000000
00000000
00000011
00000010
00000011
00000000
00000000
*/
    /* h4 */ 0xc040c00000ULL,
/* a5
00000000
00000000
11000000
01000000
11000000
00000000
00000000
00000000
*/
    /* a5 */ 0x30203000000ULL,
/* b5
00000000
00000000
11100000
10100000
11100000
00000000
00000000
00000000
*/
    /* b5 */ 0x70507000000ULL,
/* c5
00000000
00000000
01110000
01010000
01110000
00000000
00000000
00000000
*/
    /* c5 */ 0xe0a0e000000ULL,
/* d5
00000000
00000000
00111000
00101000
00111000
00000000
00000000
00000000
*/
    /* d5 */ 0x1c141c000000ULL,
/* e5
00000000
00000000
00011100
00010100
00011100
00000000
00000000
00000000
*/
    /* e5 */ 0x382838000000ULL,
/* f5
00000000
00000000
00001110
00001010
00001110
00000000
00000000
00000000
*/
    /* f5 */ 0x705070000000ULL,
/* g5
00000000
00000000
00000111
00000101
00000111
00000000
00000000
00000000
*/
    /* g5 */ 0xe0a0e0000000ULL,
/* h5
00000000
00000000
00000011
00000010
00000011
00000000
00000000
00000000
*/
    /* h5 */ 0xc040c0000000ULL,
/* a6
00000000
11000000
01000000
11000000
00000000
00000000
00000000
00000000
*/
    /* a6 */ 0x3020300000000ULL,
/* b6
00000000
11100000
10100000
11100000
00000000
00000000
00000000
00000000
*/
    /* b6 */ 0x7050700000000ULL,
/* c6
00000000
01110000
01010000
01110000
00000000
00000000
00000000
00000000
*/
    /* c6 */ 0xe0a0e00000000ULL,
/* d6
00000000
00111000
00101000
00111000
00000000
00000000
00000000
00000000
*/
    /* d6 */ 0x1c141c00000000ULL,
/* e6
00000000
00011100
00010100
00011100
00000000
00000000
00000000
00000000
*/
    /* e6 */ 0x38283800000000ULL,
/* f6
00000000
00001110
00001010
00001110
00000000
00000000
00000000
00000000
*/
    /* f6 */ 0x70507000000000ULL,
/* g6
00000000
00000111
00000101
00000111
00000000
00000000
00000000
00000000
*/
    /* g6 */ 0xe0a0e000000000ULL,
/* h6
00000000
00000011
00000010
00000011
00000000
00000000
00000000
00000000
*/
    /* h6 */ 0xc040c000000000ULL,
/* a7
11000000
01000000
11000000
00000000
00000000
00000000
00000000
00000000
*/
    /* a7 */ 0x302030000000000ULL,
/* b7
11100000
10100000
11100000
00000000
00000000
00000000
00000000
00000000
*/
    /* b7 */ 0x705070000000000ULL,
/* c7
01110000
01010000
01110000
00000000
00000000
00000000
00000000
00000000
*/
    /* c7 */ 0xe0a0e0000000000ULL,
/* d7
00111000
00101000
00111000
00000000
00000000
00000000
00000000
00000000
*/
    /* d7 */ 0x1c141c0000000000ULL,
/* e7
00011100
00010100
00011100
00000000
00000000
00000000
00000000
00000000
*/
    /* e7 */ 0x3828380000000000ULL,
/* f7
00001110
00001010
00001110
00000000
00000000
00000000
00000000
00000000
*/
    /* f7 */ 0x7050700000000000ULL,
/* g7
00000111
00000101
00000111
00000000
00000000
00000000
00000000
00000000
*/
    /* g7 */ 0xe0a0e00000000000ULL,
/* h7
00000011
00000010
00000011
00000000
00000000
00000000
00000000
00000000
*/
    /* h7 */ 0xc040c00000000000ULL,
/* a8
01000000
11000000
00000000
00000000
00000000
00000000
00000000
00000000
*/
    /* a8 */ 0x203000000000000ULL,
/* b8
10100000
11100000
00000000
00000000
00000000
00000000
00000000
00000000
*/
    /* b8 */ 0x507000000000000ULL,
/* c8
01010000
01110000
00000000
00000000
00000000
00000000
00000000
00000000
*/
    /* c8 */ 0xa0e000000000000ULL,
/* d8
00101000
00111000
00000000
00000000
00000000
00000000
00000000
00000000
*/
    /* d8 */ 0x141c000000000000ULL,
/* e8
00010100
00011100
00000000
00000000
00000000
00000000
00000000
00000000
*/
    /* e8 */ 0x2838000000000000ULL,
/* f8
00001010
00001110
00000000
00000000
00000000
00000000
00000000
00000000
*/
    /* f8 */ 0x5070000000000000ULL,
/* g8
00000101
00000111
00000000
00000000
00000000
00000000
00000000
00000000
*/
    /* g8 */ 0xa0e0000000000000ULL,
/* h8
00000010
00000011
00000000
00000000
00000000
00000000
00000000
00000000
*/
    /* h8 */ 0x40c0000000000000ULL };
const SRookRays CGen::mbbRookRays[CSqix::kNumSquares] = {
/* a1 North
10000000
10000000
10000000
10000000
10000000
10000000
10000000
00000000
*/
/* a1 East
00000000
00000000
00000000
00000000
00000000
00000000
00000000
01111111
*/
/* a1 South
00000000
00000000
00000000
00000000
00000000
00000000
00000000
00000000
*/
/* a1 West
00000000
00000000
00000000
00000000
00000000
00000000
00000000
00000000
*/
    /* a1 */ { 0x101010101010100ULL, 0xfeULL, 0x0ULL, 0x0ULL }, 
/* b1 North
01000000
01000000
01000000
01000000
01000000
01000000
01000000
00000000
*/
/* b1 East
00000000
00000000
00000000
00000000
00000000
00000000
00000000
00111111
*/
/* b1 South
00000000
00000000
00000000
00000000
00000000
00000000
00000000
00000000
*/
/* b1 West
00000000
00000000
00000000
00000000
00000000
00000000
00000000
10000000
*/
    /* b1 */ { 0x202020202020200ULL, 0xfcULL, 0x0ULL, 0x1ULL }, 
/* c1 North
00100000
00100000
00100000
00100000
00100000
00100000
00100000
00000000
*/
/* c1 East
00000000
00000000
00000000
00000000
00000000
00000000
00000000
00011111
*/
/* c1 South
00000000
00000000
00000000
00000000
00000000
00000000
00000000
00000000
*/
/* c1 West
00000000
00000000
00000000
00000000
00000000
00000000
00000000
11000000
*/
    /* c1 */ { 0x404040404040400ULL, 0xf8ULL, 0x0ULL, 0x3ULL }, 
/* d1 North
00010000
00010000
00010000
00010000
00010000
00010000
00010000
00000000
*/
/* d1 East
00000000
00000000
00000000
00000000
00000000
00000000
00000000
00001111
*/
/* d1 South
00000000
00000000
00000000
00000000
00000000
00000000
00000000
00000000
*/
/* d1 West
00000000
00000000
00000000
00000000
00000000
00000000
00000000
11100000
*/
    /* d1 */ { 0x808080808080800ULL, 0xf0ULL, 0x0ULL, 0x7ULL }, 
/* e1 North
00001000
00001000
00001000
00001000
00001000
00001000
00001000
00000000
*/
/* e1 East
00000000
00000000
00000000
00000000
00000000
00000000
00000000
00000111
*/
/* e1 South
00000000
00000000
00000000
00000000
00000000
00000000
00000000
00000000
*/
/* e1 West
00000000
00000000
00000000
00000000
00000000
00000000
00000000
11110000
*/
    /* e1 */ { 0x1010101010101000ULL, 0xe0ULL, 0x0ULL, 0xfULL }, 
/* f1 North
00000100
00000100
00000100
00000100
00000100
00000100
00000100
00000000
*/
/* f1 East
00000000
00000000
00000000
00000000
00000000
00000000
00000000
00000011
*/
/* f1 South
00000000
00000000
00000000
00000000
00000000
00000000
00000000
00000000
*/
/* f1 West
00000000
00000000
00000000
00000000
00000000
00000000
00000000
11111000
*/
    /* f1 */ { 0x2020202020202000ULL, 0xc0ULL, 0x0ULL, 0x1fULL }, 
/* g1 North
00000010
00000010
00000010
00000010
00000010
00000010
00000010
00000000
*/
/* g1 East
00000000
00000000
00000000
00000000
00000000
00000000
00000000
00000001
*/
/* g1 South
00000000
00000000
00000000
00000000
00000000
00000000
00000000
00000000
*/
/* g1 West
00000000
00000000
00000000
00000000
00000000
00000000
00000000
11111100
*/
    /* g1 */ { 0x4040404040404000ULL, 0x80ULL, 0x0ULL, 0x3fULL }, 
/* h1 North
00000001
00000001
00000001
00000001
00000001
00000001
00000001
00000000
*/
/* h1 East
00000000
00000000
00000000
00000000
00000000
00000000
00000000
00000000
*/
/* h1 South
00000000
00000000
00000000
00000000
00000000
00000000
00000000
00000000
*/
/* h1 West
00000000
00000000
00000000
00000000
00000000
00000000
00000000
11111110
*/
    /* h1 */ { 0x8080808080808000ULL, 0x0ULL, 0x0ULL, 0x7fULL }, 
/* a2 North
10000000
10000000
10000000
10000000
10000000
10000000
00000000
00000000
*/
/* a2 East
00000000
00000000
00000000
00000000
00000000
00000000
01111111
00000000
*/
/* a2 South
00000000
00000000
00000000
00000000
00000000
00000000
00000000
10000000
*/
/* a2 West
00000000
00000000
00000000
00000000
00000000
00000000
00000000
00000000
*/
    /* a2 */ { 0x101010101010000ULL, 0xfe00ULL, 0x1ULL, 0x0ULL }, 
/* b2 North
01000000
01000000
01000000
01000000
01000000
01000000
00000000
00000000
*/
/* b2 East
00000000
00000000
00000000
00000000
00000000
00000000
00111111
00000000
*/
/* b2 South
00000000
00000000
00000000
00000000
00000000
00000000
00000000
01000000
*/
/* b2 West
00000000
00000000
00000000
00000000
00000000
00000000
10000000
00000000
*/
    /* b2 */ { 0x202020202020000ULL, 0xfc00ULL, 0x2ULL, 0x100ULL }, 
/* c2 North
00100000
00100000
00100000
00100000
00100000
00100000
00000000
00000000
*/
/* c2 East
00000000
00000000
00000000
00000000
00000000
00000000
00011111
00000000
*/
/* c2 South
00000000
00000000
00000000
00000000
00000000
00000000
00000000
00100000
*/
/* c2 West
00000000
00000000
00000000
00000000
00000000
00000000
11000000
00000000
*/
    /* c2 */ { 0x404040404040000ULL, 0xf800ULL, 0x4ULL, 0x300ULL }, 
/* d2 North
00010000
00010000
00010000
00010000
00010000
00010000
00000000
00000000
*/
/* d2 East
00000000
00000000
00000000
00000000
00000000
00000000
00001111
00000000
*/
/* d2 South
00000000
00000000
00000000
00000000
00000000
00000000
00000000
00010000
*/
/* d2 West
00000000
00000000
00000000
00000000
00000000
00000000
11100000
00000000
*/
    /* d2 */ { 0x808080808080000ULL, 0xf000ULL, 0x8ULL, 0x700ULL }, 
/* e2 North
00001000
00001000
00001000
00001000
00001000
00001000
00000000
00000000
*/
/* e2 East
00000000
00000000
00000000
00000000
00000000
00000000
00000111
00000000
*/
/* e2 South
00000000
00000000
00000000
00000000
00000000
00000000
00000000
00001000
*/
/* e2 West
00000000
00000000
00000000
00000000
00000000
00000000
11110000
00000000
*/
    /* e2 */ { 0x1010101010100000ULL, 0xe000ULL, 0x10ULL, 0xf00ULL }, 
/* f2 North
00000100
00000100
00000100
00000100
00000100
00000100
00000000
00000000
*/
/* f2 East
00000000
00000000
00000000
00000000
00000000
00000000
00000011
00000000
*/
/* f2 South
00000000
00000000
00000000
00000000
00000000
00000000
00000000
00000100
*/
/* f2 West
00000000
00000000
00000000
00000000
00000000
00000000
11111000
00000000
*/
    /* f2 */ { 0x2020202020200000ULL, 0xc000ULL, 0x20ULL, 0x1f00ULL }, 
/* g2 North
00000010
00000010
00000010
00000010
00000010
00000010
00000000
00000000
*/
/* g2 East
00000000
00000000
00000000
00000000
00000000
00000000
00000001
00000000
*/
/* g2 South
00000000
00000000
00000000
00000000
00000000
00000000
00000000
00000010
*/
/* g2 West
00000000
00000000
00000000
00000000
00000000
00000000
11111100
00000000
*/
    /* g2 */ { 0x4040404040400000ULL, 0x8000ULL, 0x40ULL, 0x3f00ULL }, 
/* h2 North
00000001
00000001
00000001
00000001
00000001
00000001
00000000
00000000
*/
/* h2 East
00000000
00000000
00000000
00000000
00000000
00000000
00000000
00000000
*/
/* h2 South
00000000
00000000
00000000
00000000
00000000
00000000
00000000
00000001
*/
/* h2 West
00000000
00000000
00000000
00000000
00000000
00000000
11111110
00000000
*/
    /* h2 */ { 0x8080808080800000ULL, 0x0ULL, 0x80ULL, 0x7f00ULL }, 
/* a3 North
10000000
10000000
10000000
10000000
10000000
00000000
00000000
00000000
*/
/* a3 East
00000000
00000000
00000000
00000000
00000000
01111111
00000000
00000000
*/
/* a3 South
00000000
00000000
00000000
00000000
00000000
00000000
10000000
10000000
*/
/* a3 West
00000000
00000000
00000000
00000000
00000000
00000000
00000000
00000000
*/
    /* a3 */ { 0x101010101000000ULL, 0xfe0000ULL, 0x101ULL, 0x0ULL }, 
/* b3 North
01000000
01000000
01000000
01000000
01000000
00000000
00000000
00000000
*/
/* b3 East
00000000
00000000
00000000
00000000
00000000
00111111
00000000
00000000
*/
/* b3 South
00000000
00000000
00000000
00000000
00000000
00000000
01000000
01000000
*/
/* b3 West
00000000
00000000
00000000
00000000
00000000
10000000
00000000
00000000
*/
    /* b3 */ { 0x202020202000000ULL, 0xfc0000ULL, 0x202ULL, 0x10000ULL }, 
/* c3 North
00100000
00100000
00100000
00100000
00100000
00000000
00000000
00000000
*/
/* c3 East
00000000
00000000
00000000
00000000
00000000
00011111
00000000
00000000
*/
/* c3 South
00000000
00000000
00000000
00000000
00000000
00000000
00100000
00100000
*/
/* c3 West
00000000
00000000
00000000
00000000
00000000
11000000
00000000
00000000
*/
    /* c3 */ { 0x404040404000000ULL, 0xf80000ULL, 0x404ULL, 0x30000ULL }, 
/* d3 North
00010000
00010000
00010000
00010000
00010000
00000000
00000000
00000000
*/
/* d3 East
00000000
00000000
00000000
00000000
00000000
00001111
00000000
00000000
*/
/* d3 South
00000000
00000000
00000000
00000000
00000000
00000000
00010000
00010000
*/
/* d3 West
00000000
00000000
00000000
00000000
00000000
11100000
00000000
00000000
*/
    /* d3 */ { 0x808080808000000ULL, 0xf00000ULL, 0x808ULL, 0x70000ULL }, 
/* e3 North
00001000
00001000
00001000
00001000
00001000
00000000
00000000
00000000
*/
/* e3 East
00000000
00000000
00000000
00000000
00000000
00000111
00000000
00000000
*/
/* e3 South
00000000
00000000
00000000
00000000
00000000
00000000
00001000
00001000
*/
/* e3 West
00000000
00000000
00000000
00000000
00000000
11110000
00000000
00000000
*/
    /* e3 */ { 0x1010101010000000ULL, 0xe00000ULL, 0x1010ULL, 0xf0000ULL }, 
/* f3 North
00000100
00000100
00000100
00000100
00000100
00000000
00000000
00000000
*/
/* f3 East
00000000
00000000
00000000
00000000
00000000
00000011
00000000
00000000
*/
/* f3 South
00000000
00000000
00000000
00000000
00000000
00000000
00000100
00000100
*/
/* f3 West
00000000
00000000
00000000
00000000
00000000
11111000
00000000
00000000
*/
    /* f3 */ { 0x2020202020000000ULL, 0xc00000ULL, 0x2020ULL, 0x1f0000ULL }, 
/* g3 North
00000010
00000010
00000010
00000010
00000010
00000000
00000000
00000000
*/
/* g3 East
00000000
00000000
00000000
00000000
00000000
00000001
00000000
00000000
*/
/* g3 South
00000000
00000000
00000000
00000000
00000000
00000000
00000010
00000010
*/
/* g3 West
00000000
00000000
00000000
00000000
00000000
11111100
00000000
00000000
*/
    /* g3 */ { 0x4040404040000000ULL, 0x800000ULL, 0x4040ULL, 0x3f0000ULL }, 
/* h3 North
00000001
00000001
00000001
00000001
00000001
00000000
00000000
00000000
*/
/* h3 East
00000000
00000000
00000000
00000000
00000000
00000000
00000000
00000000
*/
/* h3 South
00000000
00000000
00000000
00000000
00000000
00000000
00000001
00000001
*/
/* h3 West
00000000
00000000
00000000
00000000
00000000
11111110
00000000
00000000
*/
    /* h3 */ { 0x8080808080000000ULL, 0x0ULL, 0x8080ULL, 0x7f0000ULL }, 
/* a4 North
10000000
10000000
10000000
10000000
00000000
00000000
00000000
00000000
*/
/* a4 East
00000000
00000000
00000000
00000000
01111111
00000000
00000000
00000000
*/
/* a4 South
00000000
00000000
00000000
00000000
00000000
10000000
10000000
10000000
*/
/* a4 West
00000000
00000000
00000000
00000000
00000000
00000000
00000000
00000000
*/
    /* a4 */ { 0x101010100000000ULL, 0xfe000000ULL, 0x10101ULL, 0x0ULL }, 
/* b4 North
01000000
01000000
01000000
01000000
00000000
00000000
00000000
00000000
*/
/* b4 East
00000000
00000000
00000000
00000000
00111111
00000000
00000000
00000000
*/
/* b4 South
00000000
00000000
00000000
00000000
00000000
01000000
01000000
01000000
*/
/* b4 West
00000000
00000000
00000000
00000000
10000000
00000000
00000000
00000000
*/
    /* b4 */ { 0x202020200000000ULL, 0xfc000000ULL, 0x20202ULL, 0x1000000ULL }, 
/* c4 North
00100000
00100000
00100000
00100000
00000000
00000000
00000000
00000000
*/
/* c4 East
00000000
00000000
00000000
00000000
00011111
00000000
00000000
00000000
*/
/* c4 South
00000000
00000000
00000000
00000000
00000000
00100000
00100000
00100000
*/
/* c4 West
00000000
00000000
00000000
00000000
11000000
00000000
00000000
00000000
*/
    /* c4 */ { 0x404040400000000ULL, 0xf8000000ULL, 0x40404ULL, 0x3000000ULL }, 
/* d4 North
00010000
00010000
00010000
00010000
00000000
00000000
00000000
00000000
*/
/* d4 East
00000000
00000000
00000000
00000000
00001111
00000000
00000000
00000000
*/
/* d4 South
00000000
00000000
00000000
00000000
00000000
00010000
00010000
00010000
*/
/* d4 West
00000000
00000000
00000000
00000000
11100000
00000000
00000000
00000000
*/
    /* d4 */ { 0x808080800000000ULL, 0xf0000000ULL, 0x80808ULL, 0x7000000ULL }, 
/* e4 North
00001000
00001000
00001000
00001000
00000000
00000000
00000000
00000000
*/
/* e4 East
00000000
00000000
00000000
00000000
00000111
00000000
00000000
00000000
*/
/* e4 South
00000000
00000000
00000000
00000000
00000000
00001000
00001000
00001000
*/
/* e4 West
00000000
00000000
00000000
00000000
11110000
00000000
00000000
00000000
*/
    /* e4 */ { 0x1010101000000000ULL, 0xe0000000ULL, 0x101010ULL, 0xf000000ULL }, 
/* f4 North
00000100
00000100
00000100
00000100
00000000
00000000
00000000
00000000
*/
/* f4 East
00000000
00000000
00000000
00000000
00000011
00000000
00000000
00000000
*/
/* f4 South
00000000
00000000
00000000
00000000
00000000
00000100
00000100
00000100
*/
/* f4 West
00000000
00000000
00000000
00000000
11111000
00000000
00000000
00000000
*/
    /* f4 */ { 0x2020202000000000ULL, 0xc0000000ULL, 0x202020ULL, 0x1f000000ULL }, 
/* g4 North
00000010
00000010
00000010
00000010
00000000
00000000
00000000
00000000
*/
/* g4 East
00000000
00000000
00000000
00000000
00000001
00000000
00000000
00000000
*/
/* g4 South
00000000
00000000
00000000
00000000
00000000
00000010
00000010
00000010
*/
/* g4 West
00000000
00000000
00000000
00000000
11111100
00000000
00000000
00000000
*/
    /* g4 */ { 0x4040404000000000ULL, 0x80000000ULL, 0x404040ULL, 0x3f000000ULL }, 
/* h4 North
00000001
00000001
00000001
00000001
00000000
00000000
00000000
00000000
*/
/* h4 East
00000000
00000000
00000000
00000000
00000000
00000000
00000000
00000000
*/
/* h4 South
00000000
00000000
00000000
00000000
00000000
00000001
00000001
00000001
*/
/* h4 West
00000000
00000000
00000000
00000000
11111110
00000000
00000000
00000000
*/
    /* h4 */ { 0x8080808000000000ULL, 0x0ULL, 0x808080ULL, 0x7f000000ULL }, 
/* a5 North
10000000
10000000
10000000
00000000
00000000
00000000
00000000
00000000
*/
/* a5 East
00000000
00000000
00000000
01111111
00000000
00000000
00000000
00000000
*/
/* a5 South
00000000
00000000
00000000
00000000
10000000
10000000
10000000
10000000
*/
/* a5 West
00000000
00000000
00000000
00000000
00000000
00000000
00000000
00000000
*/
    /* a5 */ { 0x101010000000000ULL, 0xfe00000000ULL, 0x1010101ULL, 0x0ULL }, 
/* b5 North
01000000
01000000
01000000
00000000
00000000
00000000
00000000
00000000
*/
/* b5 East
00000000
00000000
00000000
00111111
00000000
00000000
00000000
00000000
*/
/* b5 South
00000000
00000000
00000000
00000000
01000000
01000000
01000000
01000000
*/
/* b5 West
00000000
00000000
00000000
10000000
00000000
00000000
00000000
00000000
*/
    /* b5 */ { 0x202020000000000ULL, 0xfc00000000ULL, 0x2020202ULL, 0x100000000ULL }, 
/* c5 North
00100000
00100000
00100000
00000000
00000000
00000000
00000000
00000000
*/
/* c5 East
00000000
00000000
00000000
00011111
00000000
00000000
00000000
00000000
*/
/* c5 South
00000000
00000000
00000000
00000000
00100000
00100000
00100000
00100000
*/
/* c5 West
00000000
00000000
00000000
11000000
00000000
00000000
00000000
00000000
*/
    /* c5 */ { 0x404040000000000ULL, 0xf800000000ULL, 0x4040404ULL, 0x300000000ULL }, 
/* d5 North
00010000
00010000
00010000
00000000
00000000
00000000
00000000
00000000
*/
/* d5 East
00000000
00000000
00000000
00001111
00000000
00000000
00000000
00000000
*/
/* d5 South
00000000
00000000
00000000
00000000
00010000
00010000
00010000
00010000
*/
/* d5 West
00000000
00000000
00000000
11100000
00000000
00000000
00000000
00000000
*/
    /* d5 */ { 0x808080000000000ULL, 0xf000000000ULL, 0x8080808ULL, 0x700000000ULL }, 
/* e5 North
00001000
00001000
00001000
00000000
00000000
00000000
00000000
00000000
*/
/* e5 East
00000000
00000000
00000000
00000111
00000000
00000000
00000000
00000000
*/
/* e5 South
00000000
00000000
00000000
00000000
00001000
00001000
00001000
00001000
*/
/* e5 West
00000000
00000000
00000000
11110000
00000000
00000000
00000000
00000000
*/
    /* e5 */ { 0x1010100000000000ULL, 0xe000000000ULL, 0x10101010ULL, 0xf00000000ULL }, 
/* f5 North
00000100
00000100
00000100
00000000
00000000
00000000
00000000
00000000
*/
/* f5 East
00000000
00000000
00000000
00000011
00000000
00000000
00000000
00000000
*/
/* f5 South
00000000
00000000
00000000
00000000
00000100
00000100
00000100
00000100
*/
/* f5 West
00000000
00000000
00000000
11111000
00000000
00000000
00000000
00000000
*/
    /* f5 */ { 0x2020200000000000ULL, 0xc000000000ULL, 0x20202020ULL, 0x1f00000000ULL }, 
/* g5 North
00000010
00000010
00000010
00000000
00000000
00000000
00000000
00000000
*/
/* g5 East
00000000
00000000
00000000
00000001
00000000
00000000
00000000
00000000
*/
/* g5 South
00000000
00000000
00000000
00000000
00000010
00000010
00000010
00000010
*/
/* g5 West
00000000
00000000
00000000
11111100
00000000
00000000
00000000
00000000
*/
    /* g5 */ { 0x4040400000000000ULL, 0x8000000000ULL, 0x40404040ULL, 0x3f00000000ULL }, 
/* h5 North
00000001
00000001
00000001
00000000
00000000
00000000
00000000
00000000
*/
/* h5 East
00000000
00000000
00000000
00000000
00000000
00000000
00000000
00000000
*/
/* h5 South
00000000
00000000
00000000
00000000
00000001
00000001
00000001
00000001
*/
/* h5 West
00000000
00000000
00000000
11111110
00000000
00000000
00000000
00000000
*/
    /* h5 */ { 0x8080800000000000ULL, 0x0ULL, 0x80808080ULL, 0x7f00000000ULL }, 
/* a6 North
10000000
10000000
00000000
00000000
00000000
00000000
00000000
00000000
*/
/* a6 East
00000000
00000000
01111111
00000000
00000000
00000000
00000000
00000000
*/
/* a6 South
00000000
00000000
00000000
10000000
10000000
10000000
10000000
10000000
*/
/* a6 West
00000000
00000000
00000000
00000000
00000000
00000000
00000000
00000000
*/
    /* a6 */ { 0x101000000000000ULL, 0xfe0000000000ULL, 0x101010101ULL, 0x0ULL }, 
/* b6 North
01000000
01000000
00000000
00000000
00000000
00000000
00000000
00000000
*/
/* b6 East
00000000
00000000
00111111
00000000
00000000
00000000
00000000
00000000
*/
/* b6 South
00000000
00000000
00000000
01000000
01000000
01000000
01000000
01000000
*/
/* b6 West
00000000
00000000
10000000
00000000
00000000
00000000
00000000
00000000
*/
    /* b6 */ { 0x202000000000000ULL, 0xfc0000000000ULL, 0x202020202ULL, 0x10000000000ULL }, 
/* c6 North
00100000
00100000
00000000
00000000
00000000
00000000
00000000
00000000
*/
/* c6 East
00000000
00000000
00011111
00000000
00000000
00000000
00000000
00000000
*/
/* c6 South
00000000
00000000
00000000
00100000
00100000
00100000
00100000
00100000
*/
/* c6 West
00000000
00000000
11000000
00000000
00000000
00000000
00000000
00000000
*/
    /* c6 */ { 0x404000000000000ULL, 0xf80000000000ULL, 0x404040404ULL, 0x30000000000ULL }, 
/* d6 North
00010000
00010000
00000000
00000000
00000000
00000000
00000000
00000000
*/
/* d6 East
00000000
00000000
00001111
00000000
00000000
00000000
00000000
00000000
*/
/* d6 South
00000000
00000000
00000000
00010000
00010000
00010000
00010000
00010000
*/
/* d6 West
00000000
00000000
11100000
00000000
00000000
00000000
00000000
00000000
*/
    /* d6 */ { 0x808000000000000ULL, 0xf00000000000ULL, 0x808080808ULL, 0x70000000000ULL }, 
/* e6 North
00001000
00001000
00000000
00000000
00000000
00000000
00000000
00000000
*/
/* e6 East
00000000
00000000
00000111
00000000
00000000
00000000
00000000
00000000
*/
/* e6 South
00000000
00000000
00000000
00001000
00001000
00001000
00001000
00001000
*/
/* e6 West
00000000
00000000
11110000
00000000
00000000
00000000
00000000
00000000
*/
    /* e6 */ { 0x1010000000000000ULL, 0xe00000000000ULL, 0x1010101010ULL, 0xf0000000000ULL }, 
/* f6 North
00000100
00000100
00000000
00000000
00000000
00000000
00000000
00000000
*/
/* f6 East
00000000
00000000
00000011
00000000
00000000
00000000
00000000
00000000
*/
/* f6 South
00000000
00000000
00000000
00000100
00000100
00000100
00000100
00000100
*/
/* f6 West
00000000
00000000
11111000
00000000
00000000
00000000
00000000
00000000
*/
    /* f6 */ { 0x2020000000000000ULL, 0xc00000000000ULL, 0x2020202020ULL, 0x1f0000000000ULL }, 
/* g6 North
00000010
00000010
00000000
00000000
00000000
00000000
00000000
00000000
*/
/* g6 East
00000000
00000000
00000001
00000000
00000000
00000000
00000000
00000000
*/
/* g6 South
00000000
00000000
00000000
00000010
00000010
00000010
00000010
00000010
*/
/* g6 West
00000000
00000000
11111100
00000000
00000000
00000000
00000000
00000000
*/
    /* g6 */ { 0x4040000000000000ULL, 0x800000000000ULL, 0x4040404040ULL, 0x3f0000000000ULL }, 
/* h6 North
00000001
00000001
00000000
00000000
00000000
00000000
00000000
00000000
*/
/* h6 East
00000000
00000000
00000000
00000000
00000000
00000000
00000000
00000000
*/
/* h6 South
00000000
00000000
00000000
00000001
00000001
00000001
00000001
00000001
*/
/* h6 West
00000000
00000000
11111110
00000000
00000000
00000000
00000000
00000000
*/
    /* h6 */ { 0x8080000000000000ULL, 0x0ULL, 0x8080808080ULL, 0x7f0000000000ULL }, 
/* a7 North
10000000
00000000
00000000
00000000
00000000
00000000
00000000
00000000
*/
/* a7 East
00000000
01111111
00000000
00000000
00000000
00000000
00000000
00000000
*/
/* a7 South
00000000
00000000
10000000
10000000
10000000
10000000
10000000
10000000
*/
/* a7 West
00000000
00000000
00000000
00000000
00000000
00000000
00000000
00000000
*/
    /* a7 */ { 0x100000000000000ULL, 0xfe000000000000ULL, 0x10101010101ULL, 0x0ULL }, 
/* b7 North
01000000
00000000
00000000
00000000
00000000
00000000
00000000
00000000
*/
/* b7 East
00000000
00111111
00000000
00000000
00000000
00000000
00000000
00000000
*/
/* b7 South
00000000
00000000
01000000
01000000
01000000
01000000
01000000
01000000
*/
/* b7 West
00000000
10000000
00000000
00000000
00000000
00000000
00000000
00000000
*/
    /* b7 */ { 0x200000000000000ULL, 0xfc000000000000ULL, 0x20202020202ULL, 0x1000000000000ULL }, 
/* c7 North
00100000
00000000
00000000
00000000
00000000
00000000
00000000
00000000
*/
/* c7 East
00000000
00011111
00000000
00000000
00000000
00000000
00000000
00000000
*/
/* c7 South
00000000
00000000
00100000
00100000
00100000
00100000
00100000
00100000
*/
/* c7 West
00000000
11000000
00000000
00000000
00000000
00000000
00000000
00000000
*/
    /* c7 */ { 0x400000000000000ULL, 0xf8000000000000ULL, 0x40404040404ULL, 0x3000000000000ULL }, 
/* d7 North
00010000
00000000
00000000
00000000
00000000
00000000
00000000
00000000
*/
/* d7 East
00000000
00001111
00000000
00000000
00000000
00000000
00000000
00000000
*/
/* d7 South
00000000
00000000
00010000
00010000
00010000
00010000
00010000
00010000
*/
/* d7 West
00000000
11100000
00000000
00000000
00000000
00000000
00000000
00000000
*/
    /* d7 */ { 0x800000000000000ULL, 0xf0000000000000ULL, 0x80808080808ULL, 0x7000000000000ULL }, 
/* e7 North
00001000
00000000
00000000
00000000
00000000
00000000
00000000
00000000
*/
/* e7 East
00000000
00000111
00000000
00000000
00000000
00000000
00000000
00000000
*/
/* e7 South
00000000
00000000
00001000
00001000
00001000
00001000
00001000
00001000
*/
/* e7 West
00000000
11110000
00000000
00000000
00000000
00000000
00000000
00000000
*/
    /* e7 */ { 0x1000000000000000ULL, 0xe0000000000000ULL, 0x101010101010ULL, 0xf000000000000ULL }, 
/* f7 North
00000100
00000000
00000000
00000000
00000000
00000000
00000000
00000000
*/
/* f7 East
00000000
00000011
00000000
00000000
00000000
00000000
00000000
00000000
*/
/* f7 South
00000000
00000000
00000100
00000100
00000100
00000100
00000100
00000100
*/
/* f7 West
00000000
11111000
00000000
00000000
00000000
00000000
00000000
00000000
*/
    /* f7 */ { 0x2000000000000000ULL, 0xc0000000000000ULL, 0x202020202020ULL, 0x1f000000000000ULL }, 
/* g7 North
00000010
00000000
00000000
00000000
00000000
00000000
00000000
00000000
*/
/* g7 East
00000000
00000001
00000000
00000000
00000000
00000000
00000000
00000000
*/
/* g7 South
00000000
00000000
00000010
00000010
00000010
00000010
00000010
00000010
*/
/* g7 West
00000000
11111100
00000000
00000000
00000000
00000000
00000000
00000000
*/
    /* g7 */ { 0x4000000000000000ULL, 0x80000000000000ULL, 0x404040404040ULL, 0x3f000000000000ULL }, 
/* h7 North
00000001
00000000
00000000
00000000
00000000
00000000
00000000
00000000
*/
/* h7 East
00000000
00000000
00000000
00000000
00000000
00000000
00000000
00000000
*/
/* h7 South
00000000
00000000
00000001
00000001
00000001
00000001
00000001
00000001
*/
/* h7 West
00000000
11111110
00000000
00000000
00000000
00000000
00000000
00000000
*/
    /* h7 */ { 0x8000000000000000ULL, 0x0ULL, 0x808080808080ULL, 0x7f000000000000ULL }, 
/* a8 North
00000000
00000000
00000000
00000000
00000000
00000000
00000000
00000000
*/
/* a8 East
01111111
00000000
00000000
00000000
00000000
00000000
00000000
00000000
*/
/* a8 South
00000000
10000000
10000000
10000000
10000000
10000000
10000000
10000000
*/
/* a8 West
00000000
00000000
00000000
00000000
00000000
00000000
00000000
00000000
*/
    /* a8 */ { 0x0ULL, 0xfe00000000000000ULL, 0x1010101010101ULL, 0x0ULL }, 
/* b8 North
00000000
00000000
00000000
00000000
00000000
00000000
00000000
00000000
*/
/* b8 East
00111111
00000000
00000000
00000000
00000000
00000000
00000000
00000000
*/
/* b8 South
00000000
01000000
01000000
01000000
01000000
01000000
01000000
01000000
*/
/* b8 West
10000000
00000000
00000000
00000000
00000000
00000000
00000000
00000000
*/
    /* b8 */ { 0x0ULL, 0xfc00000000000000ULL, 0x2020202020202ULL, 0x100000000000000ULL }, 
/* c8 North
00000000
00000000
00000000
00000000
00000000
00000000
00000000
00000000
*/
/* c8 East
00011111
00000000
00000000
00000000
00000000
00000000
00000000
00000000
*/
/* c8 South
00000000
00100000
00100000
00100000
00100000
00100000
00100000
00100000
*/
/* c8 West
11000000
00000000
00000000
00000000
00000000
00000000
00000000
00000000
*/
    /* c8 */ { 0x0ULL, 0xf800000000000000ULL, 0x4040404040404ULL, 0x300000000000000ULL }, 
/* d8 North
00000000
00000000
00000000
00000000
00000000
00000000
00000000
00000000
*/
/* d8 East
00001111
00000000
00000000
00000000
00000000
00000000
00000000
00000000
*/
/* d8 South
00000000
00010000
00010000
00010000
00010000
00010000
00010000
00010000
*/
/* d8 West
11100000
00000000
00000000
00000000
00000000
00000000
00000000
00000000
*/
    /* d8 */ { 0x0ULL, 0xf000000000000000ULL, 0x8080808080808ULL, 0x700000000000000ULL }, 
/* e8 North
00000000
00000000
00000000
00000000
00000000
00000000
00000000
00000000
*/
/* e8 East
00000111
00000000
00000000
00000000
00000000
00000000
00000000
00000000
*/
/* e8 South
00000000
00001000
00001000
00001000
00001000
00001000
00001000
00001000
*/
/* e8 West
11110000
00000000
00000000
00000000
00000000
00000000
00000000
00000000
*/
    /* e8 */ { 0x0ULL, 0xe000000000000000ULL, 0x10101010101010ULL, 0xf00000000000000ULL }, 
/* f8 North
00000000
00000000
00000000
00000000
00000000
00000000
00000000
00000000
*/
/* f8 East
00000011
00000000
00000000
00000000
00000000
00000000
00000000
00000000
*/
/* f8 South
00000000
00000100
00000100
00000100
00000100
00000100
00000100
00000100
*/
/* f8 West
11111000
00000000
00000000
00000000
00000000
00000000
00000000
00000000
*/
    /* f8 */ { 0x0ULL, 0xc000000000000000ULL, 0x20202020202020ULL, 0x1f00000000000000ULL }, 
/* g8 North
00000000
00000000
00000000
00000000
00000000
00000000
00000000
00000000
*/
/* g8 East
00000001
00000000
00000000
00000000
00000000
00000000
00000000
00000000
*/
/* g8 South
00000000
00000010
00000010
00000010
00000010
00000010
00000010
00000010
*/
/* g8 West
11111100
00000000
00000000
00000000
00000000
00000000
00000000
00000000
*/
    /* g8 */ { 0x0ULL, 0x8000000000000000ULL, 0x40404040404040ULL, 0x3f00000000000000ULL }, 
/* h8 North
00000000
00000000
00000000
00000000
00000000
00000000
00000000
00000000
*/
/* h8 East
00000000
00000000
00000000
00000000
00000000
00000000
00000000
00000000
*/
/* h8 South
00000000
00000001
00000001
00000001
00000001
00000001
00000001
00000001
*/
/* h8 West
11111110
00000000
00000000
00000000
00000000
00000000
00000000
00000000
*/
    /* h8 */ { 0x0ULL, 0x0ULL, 0x80808080808080ULL, 0x7f00000000000000ULL }};
const SBishopRays CGen::mbbBishopRays[CSqix::kNumSquares] = {
/* a1 NorthEast
00000001
00000010
00000100
00001000
00010000
00100000
01000000
00000000
*/
/* a1 SouthEast
00000000
00000000
00000000
00000000
00000000
00000000
00000000
00000000
*/
/* a1 SouthWest
00000000
00000000
00000000
00000000
00000000
00000000
00000000
00000000
*/
/* a1 NorthWest
00000000
00000000
00000000
00000000
00000000
00000000
00000000
00000000
*/
    /* a1 */ { 0x8040201008040200ULL, 0x0ULL, 0x0ULL, 0x0ULL }, 
/* b1 NorthEast
00000000
00000001
00000010
00000100
00001000
00010000
00100000
00000000
*/
/* b1 SouthEast
00000000
00000000
00000000
00000000
00000000
00000000
00000000
00000000
*/
/* b1 SouthWest
00000000
00000000
00000000
00000000
00000000
00000000
00000000
00000000
*/
/* b1 NorthWest
00000000
00000000
00000000
00000000
00000000
00000000
10000000
00000000
*/
    /* b1 */ { 0x80402010080400ULL, 0x0ULL, 0x0ULL, 0x100ULL }, 
/* c1 NorthEast
00000000
00000000
00000001
00000010
00000100
00001000
00010000
00000000
*/
/* c1 SouthEast
00000000
00000000
00000000
00000000
00000000
00000000
00000000
00000000
*/
/* c1 SouthWest
00000000
00000000
00000000
00000000
00000000
00000000
00000000
00000000
*/
/* c1 NorthWest
00000000
00000000
00000000
00000000
00000000
10000000
01000000
00000000
*/
    /* c1 */ { 0x804020100800ULL, 0x0ULL, 0x0ULL, 0x10200ULL }, 
/* d1 NorthEast
00000000
00000000
00000000
00000001
00000010
00000100
00001000
00000000
*/
/* d1 SouthEast
00000000
00000000
00000000
00000000
00000000
00000000
00000000
00000000
*/
/* d1 SouthWest
00000000
00000000
00000000
00000000
00000000
00000000
00000000
00000000
*/
/* d1 NorthWest
00000000
00000000
00000000
00000000
10000000
01000000
00100000
00000000
*/
    /* d1 */ { 0x8040201000ULL, 0x0ULL, 0x0ULL, 0x1020400ULL }, 
/* e1 NorthEast
00000000
00000000
00000000
00000000
00000001
00000010
00000100
00000000
*/
/* e1 SouthEast
00000000
00000000
00000000
00000000
00000000
00000000
00000000
00000000
*/
/* e1 SouthWest
00000000
00000000
00000000
00000000
00000000
00000000
00000000
00000000
*/
/* e1 NorthWest
00000000
00000000
00000000
10000000
01000000
00100000
00010000
00000000
*/
    /* e1 */ { 0x80402000ULL, 0x0ULL, 0x0ULL, 0x102040800ULL }, 
/* f1 NorthEast
00000000
00000000
00000000
00000000
00000000
00000001
00000010
00000000
*/
/* f1 SouthEast
00000000
00000000
00000000
00000000
00000000
00000000
00000000
00000000
*/
/* f1 SouthWest
00000000
00000000
00000000
00000000
00000000
00000000
00000000
00000000
*/
/* f1 NorthWest
00000000
00000000
10000000
01000000
00100000
00010000
00001000
00000000
*/
    /* f1 */ { 0x804000ULL, 0x0ULL, 0x0ULL, 0x10204081000ULL }, 
/* g1 NorthEast
00000000
00000000
00000000
00000000
00000000
00000000
00000001
00000000
*/
/* g1 SouthEast
00000000
00000000
00000000
00000000
00000000
00000000
00000000
00000000
*/
/* g1 SouthWest
00000000
00000000
00000000
00000000
00000000
00000000
00000000
00000000
*/
/* g1 NorthWest
00000000
10000000
01000000
00100000
00010000
00001000
00000100
00000000
*/
    /* g1 */ { 0x8000ULL, 0x0ULL, 0x0ULL, 0x1020408102000ULL }, 
/* h1 NorthEast
00000000
00000000
00000000
00000000
00000000
00000000
00000000
00000000
*/
/* h1 SouthEast
00000000
00000000
00000000
00000000
00000000
00000000
00000000
00000000
*/
/* h1 SouthWest
00000000
00000000
00000000
00000000
00000000
00000000
00000000
00000000
*/
/* h1 NorthWest
10000000
01000000
00100000
00010000
00001000
00000100
00000010
00000000
*/
    /* h1 */ { 0x0ULL, 0x0ULL, 0x0ULL, 0x102040810204000ULL }, 
/* a2 NorthEast
00000010
00000100
00001000
00010000
00100000
01000000
00000000
00000000
*/
/* a2 SouthEast
00000000
00000000
00000000
00000000
00000000
00000000
00000000
01000000
*/
/* a2 SouthWest
00000000
00000000
00000000
00000000
00000000
00000000
00000000
00000000
*/
/* a2 NorthWest
00000000
00000000
00000000
00000000
00000000
00000000
00000000
00000000
*/
    /* a2 */ { 0x4020100804020000ULL, 0x2ULL, 0x0ULL, 0x0ULL }, 
/* b2 NorthEast
00000001
00000010
00000100
00001000
00010000
00100000
00000000
00000000
*/
/* b2 SouthEast
00000000
00000000
00000000
00000000
00000000
00000000
00000000
00100000
*/
/* b2 SouthWest
00000000
00000000
00000000
00000000
00000000
00000000
00000000
10000000
*/
/* b2 NorthWest
00000000
00000000
00000000
00000000
00000000
10000000
00000000
00000000
*/
    /* b2 */ { 0x8040201008040000ULL, 0x4ULL, 0x1ULL, 0x10000ULL }, 
/* c2 NorthEast
00000000
00000001
00000010
00000100
00001000
00010000
00000000
00000000
*/
/* c2 SouthEast
00000000
00000000
00000000
00000000
00000000
00000000
00000000
00010000
*/
/* c2 SouthWest
00000000
00000000
00000000
00000000
00000000
00000000
00000000
01000000
*/
/* c2 NorthWest
00000000
00000000
00000000
00000000
10000000
01000000
00000000
00000000
*/
    /* c2 */ { 0x80402010080000ULL, 0x8ULL, 0x2ULL, 0x1020000ULL }, 
/* d2 NorthEast
00000000
00000000
00000001
00000010
00000100
00001000
00000000
00000000
*/
/* d2 SouthEast
00000000
00000000
00000000
00000000
00000000
00000000
00000000
00001000
*/
/* d2 SouthWest
00000000
00000000
00000000
00000000
00000000
00000000
00000000
00100000
*/
/* d2 NorthWest
00000000
00000000
00000000
10000000
01000000
00100000
00000000
00000000
*/
    /* d2 */ { 0x804020100000ULL, 0x10ULL, 0x4ULL, 0x102040000ULL }, 
/* e2 NorthEast
00000000
00000000
00000000
00000001
00000010
00000100
00000000
00000000
*/
/* e2 SouthEast
00000000
00000000
00000000
00000000
00000000
00000000
00000000
00000100
*/
/* e2 SouthWest
00000000
00000000
00000000
00000000
00000000
00000000
00000000
00010000
*/
/* e2 NorthWest
00000000
00000000
10000000
01000000
00100000
00010000
00000000
00000000
*/
    /* e2 */ { 0x8040200000ULL, 0x20ULL, 0x8ULL, 0x10204080000ULL }, 
/* f2 NorthEast
00000000
00000000
00000000
00000000
00000001
00000010
00000000
00000000
*/
/* f2 SouthEast
00000000
00000000
00000000
00000000
00000000
00000000
00000000
00000010
*/
/* f2 SouthWest
00000000
00000000
00000000
00000000
00000000
00000000
00000000
00001000
*/
/* f2 NorthWest
00000000
10000000
01000000
00100000
00010000
00001000
00000000
00000000
*/
    /* f2 */ { 0x80400000ULL, 0x40ULL, 0x10ULL, 0x1020408100000ULL }, 
/* g2 NorthEast
00000000
00000000
00000000
00000000
00000000
00000001
00000000
00000000
*/
/* g2 SouthEast
00000000
00000000
00000000
00000000
00000000
00000000
00000000
00000001
*/
/* g2 SouthWest
00000000
00000000
00000000
00000000
00000000
00000000
00000000
00000100
*/
/* g2 NorthWest
10000000
01000000
00100000
00010000
00001000
00000100
00000000
00000000
*/
    /* g2 */ { 0x800000ULL, 0x80ULL, 0x20ULL, 0x102040810200000ULL }, 
/* h2 NorthEast
00000000
00000000
00000000
00000000
00000000
00000000
00000000
00000000
*/
/* h2 SouthEast
00000000
00000000
00000000
00000000
00000000
00000000
00000000
00000000
*/
/* h2 SouthWest
00000000
00000000
00000000
00000000
00000000
00000000
00000000
00000010
*/
/* h2 NorthWest
01000000
00100000
00010000
00001000
00000100
00000010
00000000
00000000
*/
    /* h2 */ { 0x0ULL, 0x0ULL, 0x40ULL, 0x204081020400000ULL }, 
/* a3 NorthEast
00000100
00001000
00010000
00100000
01000000
00000000
00000000
00000000
*/
/* a3 SouthEast
00000000
00000000
00000000
00000000
00000000
00000000
01000000
00100000
*/
/* a3 SouthWest
00000000
00000000
00000000
00000000
00000000
00000000
00000000
00000000
*/
/* a3 NorthWest
00000000
00000000
00000000
00000000
00000000
00000000
00000000
00000000
*/
    /* a3 */ { 0x2010080402000000ULL, 0x204ULL, 0x0ULL, 0x0ULL }, 
/* b3 NorthEast
00000010
00000100
00001000
00010000
00100000
00000000
00000000
00000000
*/
/* b3 SouthEast
00000000
00000000
00000000
00000000
00000000
00000000
00100000
00010000
*/
/* b3 SouthWest
00000000
00000000
00000000
00000000
00000000
00000000
10000000
00000000
*/
/* b3 NorthWest
00000000
00000000
00000000
00000000
10000000
00000000
00000000
00000000
*/
    /* b3 */ { 0x4020100804000000ULL, 0x408ULL, 0x100ULL, 0x1000000ULL }, 
/* c3 NorthEast
00000001
00000010
00000100
00001000
00010000
00000000
00000000
00000000
*/
/* c3 SouthEast
00000000
00000000
00000000
00000000
00000000
00000000
00010000
00001000
*/
/* c3 SouthWest
00000000
00000000
00000000
00000000
00000000
00000000
01000000
10000000
*/
/* c3 NorthWest
00000000
00000000
00000000
10000000
01000000
00000000
00000000
00000000
*/
    /* c3 */ { 0x8040201008000000ULL, 0x810ULL, 0x201ULL, 0x102000000ULL }, 
/* d3 NorthEast
00000000
00000001
00000010
00000100
00001000
00000000
00000000
00000000
*/
/* d3 SouthEast
00000000
00000000
00000000
00000000
00000000
00000000
00001000
00000100
*/
/* d3 SouthWest
00000000
00000000
00000000
00000000
00000000
00000000
00100000
01000000
*/
/* d3 NorthWest
00000000
00000000
10000000
01000000
00100000
00000000
00000000
00000000
*/
    /* d3 */ { 0x80402010000000ULL, 0x1020ULL, 0x402ULL, 0x10204000000ULL }, 
/* e3 NorthEast
00000000
00000000
00000001
00000010
00000100
00000000
00000000
00000000
*/
/* e3 SouthEast
00000000
00000000
00000000
00000000
00000000
00000000
00000100
00000010
*/
/* e3 SouthWest
00000000
00000000
00000000
00000000
00000000
00000000
00010000
00100000
*/
/* e3 NorthWest
00000000
10000000
01000000
00100000
00010000
00000000
00000000
00000000
*/
    /* e3 */ { 0x804020000000ULL, 0x2040ULL, 0x804ULL, 0x1020408000000ULL }, 
/* f3 NorthEast
00000000
00000000
00000000
00000001
00000010
00000000
00000000
00000000
*/
/* f3 SouthEast
00000000
00000000
00000000
00000000
00000000
00000000
00000010
00000001
*/
/* f3 SouthWest
00000000
00000000
00000000
00000000
00000000
00000000
00001000
00010000
*/
/* f3 NorthWest
10000000
01000000
00100000
00010000
00001000
00000000
00000000
00000000
*/
    /* f3 */ { 0x8040000000ULL, 0x4080ULL, 0x1008ULL, 0x102040810000000ULL }, 
/* g3 NorthEast
00000000
00000000
00000000
00000000
00000001
00000000
00000000
00000000
*/
/* g3 SouthEast
00000000
00000000
00000000
00000000
00000000
00000000
00000001
00000000
*/
/* g3 SouthWest
00000000
00000000
00000000
00000000
00000000
00000000
00000100
00001000
*/
/* g3 NorthWest
01000000
00100000
00010000
00001000
00000100
00000000
00000000
00000000
*/
    /* g3 */ { 0x80000000ULL, 0x8000ULL, 0x2010ULL, 0x204081020000000ULL }, 
/* h3 NorthEast
00000000
00000000
00000000
00000000
00000000
00000000
00000000
00000000
*/
/* h3 SouthEast
00000000
00000000
00000000
00000000
00000000
00000000
00000000
00000000
*/
/* h3 SouthWest
00000000
00000000
00000000
00000000
00000000
00000000
00000010
00000100
*/
/* h3 NorthWest
00100000
00010000
00001000
00000100
00000010
00000000
00000000
00000000
*/
    /* h3 */ { 0x0ULL, 0x0ULL, 0x4020ULL, 0x408102040000000ULL }, 
/* a4 NorthEast
00001000
00010000
00100000
01000000
00000000
00000000
00000000
00000000
*/
/* a4 SouthEast
00000000
00000000
00000000
00000000
00000000
01000000
00100000
00010000
*/
/* a4 SouthWest
00000000
00000000
00000000
00000000
00000000
00000000
00000000
00000000
*/
/* a4 NorthWest
00000000
00000000
00000000
00000000
00000000
00000000
00000000
00000000
*/
    /* a4 */ { 0x1008040200000000ULL, 0x20408ULL, 0x0ULL, 0x0ULL }, 
/* b4 NorthEast
00000100
00001000
00010000
00100000
00000000
00000000
00000000
00000000
*/
/* b4 SouthEast
00000000
00000000
00000000
00000000
00000000
00100000
00010000
00001000
*/
/* b4 SouthWest
00000000
00000000
00000000
00000000
00000000
10000000
00000000
00000000
*/
/* b4 NorthWest
00000000
00000000
00000000
10000000
00000000
00000000
00000000
00000000
*/
    /* b4 */ { 0x2010080400000000ULL, 0x40810ULL, 0x10000ULL, 0x100000000ULL }, 
/* c4 NorthEast
00000010
00000100
00001000
00010000
00000000
00000000
00000000
00000000
*/
/* c4 SouthEast
00000000
00000000
00000000
00000000
00000000
00010000
00001000
00000100
*/
/* c4 SouthWest
00000000
00000000
00000000
00000000
00000000
01000000
10000000
00000000
*/
/* c4 NorthWest
00000000
00000000
10000000
01000000
00000000
00000000
00000000
00000000
*/
    /* c4 */ { 0x4020100800000000ULL, 0x81020ULL, 0x20100ULL, 0x10200000000ULL }, 
/* d4 NorthEast
00000001
00000010
00000100
00001000
00000000
00000000
00000000
00000000
*/
/* d4 SouthEast
00000000
00000000
00000000
00000000
00000000
00001000
00000100
00000010
*/
/* d4 SouthWest
00000000
00000000
00000000
00000000
00000000
00100000
01000000
10000000
*/
/* d4 NorthWest
00000000
10000000
01000000
00100000
00000000
00000000
00000000
00000000
*/
    /* d4 */ { 0x8040201000000000ULL, 0x102040ULL, 0x40201ULL, 0x1020400000000ULL }, 
/* e4 NorthEast
00000000
00000001
00000010
00000100
00000000
00000000
00000000
00000000
*/
/* e4 SouthEast
00000000
00000000
00000000
00000000
00000000
00000100
00000010
00000001
*/
/* e4 SouthWest
00000000
00000000
00000000
00000000
00000000
00010000
00100000
01000000
*/
/* e4 NorthWest
10000000
01000000
00100000
00010000
00000000
00000000
00000000
00000000
*/
    /* e4 */ { 0x80402000000000ULL, 0x204080ULL, 0x80402ULL, 0x102040800000000ULL }, 
/* f4 NorthEast
00000000
00000000
00000001
00000010
00000000
00000000
00000000
00000000
*/
/* f4 SouthEast
00000000
00000000
00000000
00000000
00000000
00000010
00000001
00000000
*/
/* f4 SouthWest
00000000
00000000
00000000
00000000
00000000
00001000
00010000
00100000
*/
/* f4 NorthWest
01000000
00100000
00010000
00001000
00000000
00000000
00000000
00000000
*/
    /* f4 */ { 0x804000000000ULL, 0x408000ULL, 0x100804ULL, 0x204081000000000ULL }, 
/* g4 NorthEast
00000000
00000000
00000000
00000001
00000000
00000000
00000000
00000000
*/
/* g4 SouthEast
00000000
00000000
00000000
00000000
00000000
00000001
00000000
00000000
*/
/* g4 SouthWest
00000000
00000000
00000000
00000000
00000000
00000100
00001000
00010000
*/
/* g4 NorthWest
00100000
00010000
00001000
00000100
00000000
00000000
00000000
00000000
*/
    /* g4 */ { 0x8000000000ULL, 0x800000ULL, 0x201008ULL, 0x408102000000000ULL }, 
/* h4 NorthEast
00000000
00000000
00000000
00000000
00000000
00000000
00000000
00000000
*/
/* h4 SouthEast
00000000
00000000
00000000
00000000
00000000
00000000
00000000
00000000
*/
/* h4 SouthWest
00000000
00000000
00000000
00000000
00000000
00000010
00000100
00001000
*/
/* h4 NorthWest
00010000
00001000
00000100
00000010
00000000
00000000
00000000
00000000
*/
    /* h4 */ { 0x0ULL, 0x0ULL, 0x402010ULL, 0x810204000000000ULL }, 
/* a5 NorthEast
00010000
00100000
01000000
00000000
00000000
00000000
00000000
00000000
*/
/* a5 SouthEast
00000000
00000000
00000000
00000000
01000000
00100000
00010000
00001000
*/
/* a5 SouthWest
00000000
00000000
00000000
00000000
00000000
00000000
00000000
00000000
*/
/* a5 NorthWest
00000000
00000000
00000000
00000000
00000000
00000000
00000000
00000000
*/
    /* a5 */ { 0x804020000000000ULL, 0x2040810ULL, 0x0ULL, 0x0ULL }, 
/* b5 NorthEast
00001000
00010000
00100000
00000000
00000000
00000000
00000000
00000000
*/
/* b5 SouthEast
00000000
00000000
00000000
00000000
00100000
00010000
00001000
00000100
*/
/* b5 SouthWest
00000000
00000000
00000000
00000000
10000000
00000000
00000000
00000000
*/
/* b5 NorthWest
00000000
00000000
10000000
00000000
00000000
00000000
00000000
00000000
*/
    /* b5 */ { 0x1008040000000000ULL, 0x4081020ULL, 0x1000000ULL, 0x10000000000ULL }, 
/* c5 NorthEast
00000100
00001000
00010000
00000000
00000000
00000000
00000000
00000000
*/
/* c5 SouthEast
00000000
00000000
00000000
00000000
00010000
00001000
00000100
00000010
*/
/* c5 SouthWest
00000000
00000000
00000000
00000000
01000000
10000000
00000000
00000000
*/
/* c5 NorthWest
00000000
10000000
01000000
00000000
00000000
00000000
00000000
00000000
*/
    /* c5 */ { 0x2010080000000000ULL, 0x8102040ULL, 0x2010000ULL, 0x1020000000000ULL }, 
/* d5 NorthEast
00000010
00000100
00001000
00000000
00000000
00000000
00000000
00000000
*/
/* d5 SouthEast
00000000
00000000
00000000
00000000
00001000
00000100
00000010
00000001
*/
/* d5 SouthWest
00000000
00000000
00000000
00000000
00100000
01000000
10000000
00000000
*/
/* d5 NorthWest
10000000
01000000
00100000
00000000
00000000
00000000
00000000
00000000
*/
    /* d5 */ { 0x4020100000000000ULL, 0x10204080ULL, 0x4020100ULL, 0x102040000000000ULL }, 
/* e5 NorthEast
00000001
00000010
00000100
00000000
00000000
00000000
00000000
00000000
*/
/* e5 SouthEast
00000000
00000000
00000000
00000000
00000100
00000010
00000001
00000000
*/
/* e5 SouthWest
00000000
00000000
00000000
00000000
00010000
00100000
01000000
10000000
*/
/* e5 NorthWest
01000000
00100000
00010000
00000000
00000000
00000000
00000000
00000000
*/
    /* e5 */ { 0x8040200000000000ULL, 0x20408000ULL, 0x8040201ULL, 0x204080000000000ULL }, 
/* f5 NorthEast
00000000
00000001
00000010
00000000
00000000
00000000
00000000
00000000
*/
/* f5 SouthEast
00000000
00000000
00000000
00000000
00000010
00000001
00000000
00000000
*/
/* f5 SouthWest
00000000
00000000
00000000
00000000
00001000
00010000
00100000
01000000
*/
/* f5 NorthWest
00100000
00010000
00001000
00000000
00000000
00000000
00000000
00000000
*/
    /* f5 */ { 0x80400000000000ULL, 0x40800000ULL, 0x10080402ULL, 0x408100000000000ULL }, 
/* g5 NorthEast
00000000
00000000
00000001
00000000
00000000
00000000
00000000
00000000
*/
/* g5 SouthEast
00000000
00000000
00000000
00000000
00000001
00000000
00000000
00000000
*/
/* g5 SouthWest
00000000
00000000
00000000
00000000
00000100
00001000
00010000
00100000
*/
/* g5 NorthWest
00010000
00001000
00000100
00000000
00000000
00000000
00000000
00000000
*/
    /* g5 */ { 0x800000000000ULL, 0x80000000ULL, 0x20100804ULL, 0x810200000000000ULL }, 
/* h5 NorthEast
00000000
00000000
00000000
00000000
00000000
00000000
00000000
00000000
*/
/* h5 SouthEast
00000000
00000000
00000000
00000000
00000000
00000000
00000000
00000000
*/
/* h5 SouthWest
00000000
00000000
00000000
00000000
00000010
00000100
00001000
00010000
*/
/* h5 NorthWest
00001000
00000100
00000010
00000000
00000000
00000000
00000000
00000000
*/
    /* h5 */ { 0x0ULL, 0x0ULL, 0x40201008ULL, 0x1020400000000000ULL }, 
/* a6 NorthEast
00100000
01000000
00000000
00000000
00000000
00000000
00000000
00000000
*/
/* a6 SouthEast
00000000
00000000
00000000
01000000
00100000
00010000
00001000
00000100
*/
/* a6 SouthWest
00000000
00000000
00000000
00000000
00000000
00000000
00000000
00000000
*/
/* a6 NorthWest
00000000
00000000
00000000
00000000
00000000
00000000
00000000
00000000
*/
    /* a6 */ { 0x402000000000000ULL, 0x204081020ULL, 0x0ULL, 0x0ULL }, 
/* b6 NorthEast
00010000
00100000
00000000
00000000
00000000
00000000
00000000
00000000
*/
/* b6 SouthEast
00000000
00000000
00000000
00100000
00010000
00001000
00000100
00000010
*/
/* b6 SouthWest
00000000
00000000
00000000
10000000
00000000
00000000
00000000
00000000
*/
/* b6 NorthWest
00000000
10000000
00000000
00000000
00000000
00000000
00000000
00000000
*/
    /* b6 */ { 0x804000000000000ULL, 0x408102040ULL, 0x100000000ULL, 0x1000000000000ULL }, 
/* c6 NorthEast
00001000
00010000
00000000
00000000
00000000
00000000
00000000
00000000
*/
/* c6 SouthEast
00000000
00000000
00000000
00010000
00001000
00000100
00000010
00000001
*/
/* c6 SouthWest
00000000
00000000
00000000
01000000
10000000
00000000
00000000
00000000
*/
/* c6 NorthWest
10000000
01000000
00000000
00000000
00000000
00000000
00000000
00000000
*/
    /* c6 */ { 0x1008000000000000ULL, 0x810204080ULL, 0x201000000ULL, 0x102000000000000ULL }, 
/* d6 NorthEast
00000100
00001000
00000000
00000000
00000000
00000000
00000000
00000000
*/
/* d6 SouthEast
00000000
00000000
00000000
00001000
00000100
00000010
00000001
00000000
*/
/* d6 SouthWest
00000000
00000000
00000000
00100000
01000000
10000000
00000000
00000000
*/
/* d6 NorthWest
01000000
00100000
00000000
00000000
00000000
00000000
00000000
00000000
*/
    /* d6 */ { 0x2010000000000000ULL, 0x1020408000ULL, 0x402010000ULL, 0x204000000000000ULL }, 
/* e6 NorthEast
00000010
00000100
00000000
00000000
00000000
00000000
00000000
00000000
*/
/* e6 SouthEast
00000000
00000000
00000000
00000100
00000010
00000001
00000000
00000000
*/
/* e6 SouthWest
00000000
00000000
00000000
00010000
00100000
01000000
10000000
00000000
*/
/* e6 NorthWest
00100000
00010000
00000000
00000000
00000000
00000000
00000000
00000000
*/
    /* e6 */ { 0x4020000000000000ULL, 0x2040800000ULL, 0x804020100ULL, 0x408000000000000ULL }, 
/* f6 NorthEast
00000001
00000010
00000000
00000000
00000000
00000000
00000000
00000000
*/
/* f6 SouthEast
00000000
00000000
00000000
00000010
00000001
00000000
00000000
00000000
*/
/* f6 SouthWest
00000000
00000000
00000000
00001000
00010000
00100000
01000000
10000000
*/
/* f6 NorthWest
00010000
00001000
00000000
00000000
00000000
00000000
00000000
00000000
*/
    /* f6 */ { 0x8040000000000000ULL, 0x4080000000ULL, 0x1008040201ULL, 0x810000000000000ULL }, 
/* g6 NorthEast
00000000
00000001
00000000
00000000
00000000
00000000
00000000
00000000
*/
/* g6 SouthEast
00000000
00000000
00000000
00000001
00000000
00000000
00000000
00000000
*/
/* g6 SouthWest
00000000
00000000
00000000
00000100
00001000
00010000
00100000
01000000
*/
/* g6 NorthWest
00001000
00000100
00000000
00000000
00000000
00000000
00000000
00000000
*/
    /* g6 */ { 0x80000000000000ULL, 0x8000000000ULL, 0x2010080402ULL, 0x1020000000000000ULL }, 
/* h6 NorthEast
00000000
00000000
00000000
00000000
00000000
00000000
00000000
00000000
*/
/* h6 SouthEast
00000000
00000000
00000000
00000000
00000000
00000000
00000000
00000000
*/
/* h6 SouthWest
00000000
00000000
00000000
00000010
00000100
00001000
00010000
00100000
*/
/* h6 NorthWest
00000100
00000010
00000000
00000000
00000000
00000000
00000000
00000000
*/
    /* h6 */ { 0x0ULL, 0x0ULL, 0x4020100804ULL, 0x2040000000000000ULL }, 
/* a7 NorthEast
01000000
00000000
00000000
00000000
00000000
00000000
00000000
00000000
*/
/* a7 SouthEast
00000000
00000000
01000000
00100000
00010000
00001000
00000100
00000010
*/
/* a7 SouthWest
00000000
00000000
00000000
00000000
00000000
00000000
00000000
00000000
*/
/* a7 NorthWest
00000000
00000000
00000000
00000000
00000000
00000000
00000000
00000000
*/
    /* a7 */ { 0x200000000000000ULL, 0x20408102040ULL, 0x0ULL, 0x0ULL }, 
/* b7 NorthEast
00100000
00000000
00000000
00000000
00000000
00000000
00000000
00000000
*/
/* b7 SouthEast
00000000
00000000
00100000
00010000
00001000
00000100
00000010
00000001
*/
/* b7 SouthWest
00000000
00000000
10000000
00000000
00000000
00000000
00000000
00000000
*/
/* b7 NorthWest
10000000
00000000
00000000
00000000
00000000
00000000
00000000
00000000
*/
    /* b7 */ { 0x400000000000000ULL, 0x40810204080ULL, 0x10000000000ULL, 0x100000000000000ULL }, 
/* c7 NorthEast
00010000
00000000
00000000
00000000
00000000
00000000
00000000
00000000
*/
/* c7 SouthEast
00000000
00000000
00010000
00001000
00000100
00000010
00000001
00000000
*/
/* c7 SouthWest
00000000
00000000
01000000
10000000
00000000
00000000
00000000
00000000
*/
/* c7 NorthWest
01000000
00000000
00000000
00000000
00000000
00000000
00000000
00000000
*/
    /* c7 */ { 0x800000000000000ULL, 0x81020408000ULL, 0x20100000000ULL, 0x200000000000000ULL }, 
/* d7 NorthEast
00001000
00000000
00000000
00000000
00000000
00000000
00000000
00000000
*/
/* d7 SouthEast
00000000
00000000
00001000
00000100
00000010
00000001
00000000
00000000
*/
/* d7 SouthWest
00000000
00000000
00100000
01000000
10000000
00000000
00000000
00000000
*/
/* d7 NorthWest
00100000
00000000
00000000
00000000
00000000
00000000
00000000
00000000
*/
    /* d7 */ { 0x1000000000000000ULL, 0x102040800000ULL, 0x40201000000ULL, 0x400000000000000ULL }, 
/* e7 NorthEast
00000100
00000000
00000000
00000000
00000000
00000000
00000000
00000000
*/
/* e7 SouthEast
00000000
00000000
00000100
00000010
00000001
00000000
00000000
00000000
*/
/* e7 SouthWest
00000000
00000000
00010000
00100000
01000000
10000000
00000000
00000000
*/
/* e7 NorthWest
00010000
00000000
00000000
00000000
00000000
00000000
00000000
00000000
*/
    /* e7 */ { 0x2000000000000000ULL, 0x204080000000ULL, 0x80402010000ULL, 0x800000000000000ULL }, 
/* f7 NorthEast
00000010
00000000
00000000
00000000
00000000
00000000
00000000
00000000
*/
/* f7 SouthEast
00000000
00000000
00000010
00000001
00000000
00000000
00000000
00000000
*/
/* f7 SouthWest
00000000
00000000
00001000
00010000
00100000
01000000
10000000
00000000
*/
/* f7 NorthWest
00001000
00000000
00000000
00000000
00000000
00000000
00000000
00000000
*/
    /* f7 */ { 0x4000000000000000ULL, 0x408000000000ULL, 0x100804020100ULL, 0x1000000000000000ULL }, 
/* g7 NorthEast
00000001
00000000
00000000
00000000
00000000
00000000
00000000
00000000
*/
/* g7 SouthEast
00000000
00000000
00000001
00000000
00000000
00000000
00000000
00000000
*/
/* g7 SouthWest
00000000
00000000
00000100
00001000
00010000
00100000
01000000
10000000
*/
/* g7 NorthWest
00000100
00000000
00000000
00000000
00000000
00000000
00000000
00000000
*/
    /* g7 */ { 0x8000000000000000ULL, 0x800000000000ULL, 0x201008040201ULL, 0x2000000000000000ULL }, 
/* h7 NorthEast
00000000
00000000
00000000
00000000
00000000
00000000
00000000
00000000
*/
/* h7 SouthEast
00000000
00000000
00000000
00000000
00000000
00000000
00000000
00000000
*/
/* h7 SouthWest
00000000
00000000
00000010
00000100
00001000
00010000
00100000
01000000
*/
/* h7 NorthWest
00000010
00000000
00000000
00000000
00000000
00000000
00000000
00000000
*/
    /* h7 */ { 0x0ULL, 0x0ULL, 0x402010080402ULL, 0x4000000000000000ULL }, 
/* a8 NorthEast
00000000
00000000
00000000
00000000
00000000
00000000
00000000
00000000
*/
/* a8 SouthEast
00000000
01000000
00100000
00010000
00001000
00000100
00000010
00000001
*/
/* a8 SouthWest
00000000
00000000
00000000
00000000
00000000
00000000
00000000
00000000
*/
/* a8 NorthWest
00000000
00000000
00000000
00000000
00000000
00000000
00000000
00000000
*/
    /* a8 */ { 0x0ULL, 0x2040810204080ULL, 0x0ULL, 0x0ULL }, 
/* b8 NorthEast
00000000
00000000
00000000
00000000
00000000
00000000
00000000
00000000
*/
/* b8 SouthEast
00000000
00100000
00010000
00001000
00000100
00000010
00000001
00000000
*/
/* b8 SouthWest
00000000
10000000
00000000
00000000
00000000
00000000
00000000
00000000
*/
/* b8 NorthWest
00000000
00000000
00000000
00000000
00000000
00000000
00000000
00000000
*/
    /* b8 */ { 0x0ULL, 0x4081020408000ULL, 0x1000000000000ULL, 0x0ULL }, 
/* c8 NorthEast
00000000
00000000
00000000
00000000
00000000
00000000
00000000
00000000
*/
/* c8 SouthEast
00000000
00010000
00001000
00000100
00000010
00000001
00000000
00000000
*/
/* c8 SouthWest
00000000
01000000
10000000
00000000
00000000
00000000
00000000
00000000
*/
/* c8 NorthWest
00000000
00000000
00000000
00000000
00000000
00000000
00000000
00000000
*/
    /* c8 */ { 0x0ULL, 0x8102040800000ULL, 0x2010000000000ULL, 0x0ULL }, 
/* d8 NorthEast
00000000
00000000
00000000
00000000
00000000
00000000
00000000
00000000
*/
/* d8 SouthEast
00000000
00001000
00000100
00000010
00000001
00000000
00000000
00000000
*/
/* d8 SouthWest
00000000
00100000
01000000
10000000
00000000
00000000
00000000
00000000
*/
/* d8 NorthWest
00000000
00000000
00000000
00000000
00000000
00000000
00000000
00000000
*/
    /* d8 */ { 0x0ULL, 0x10204080000000ULL, 0x4020100000000ULL, 0x0ULL }, 
/* e8 NorthEast
00000000
00000000
00000000
00000000
00000000
00000000
00000000
00000000
*/
/* e8 SouthEast
00000000
00000100
00000010
00000001
00000000
00000000
00000000
00000000
*/
/* e8 SouthWest
00000000
00010000
00100000
01000000
10000000
00000000
00000000
00000000
*/
/* e8 NorthWest
00000000
00000000
00000000
00000000
00000000
00000000
00000000
00000000
*/
    /* e8 */ { 0x0ULL, 0x20408000000000ULL, 0x8040201000000ULL, 0x0ULL }, 
/* f8 NorthEast
00000000
00000000
00000000
00000000
00000000
00000000
00000000
00000000
*/
/* f8 SouthEast
00000000
00000010
00000001
00000000
00000000
00000000
00000000
00000000
*/
/* f8 SouthWest
00000000
00001000
00010000
00100000
01000000
10000000
00000000
00000000
*/
/* f8 NorthWest
00000000
00000000
00000000
00000000
00000000
00000000
00000000
00000000
*/
    /* f8 */ { 0x0ULL, 0x40800000000000ULL, 0x10080402010000ULL, 0x0ULL }, 
/* g8 NorthEast
00000000
00000000
00000000
00000000
00000000
00000000
00000000
00000000
*/
/* g8 SouthEast
00000000
00000001
00000000
00000000
00000000
00000000
00000000
00000000
*/
/* g8 SouthWest
00000000
00000100
00001000
00010000
00100000
01000000
10000000
00000000
*/
/* g8 NorthWest
00000000
00000000
00000000
00000000
00000000
00000000
00000000
00000000
*/
    /* g8 */ { 0x0ULL, 0x80000000000000ULL, 0x20100804020100ULL, 0x0ULL }, 
/* h8 NorthEast
00000000
00000000
00000000
00000000
00000000
00000000
00000000
00000000
*/
/* h8 SouthEast
00000000
00000000
00000000
00000000
00000000
00000000
00000000
00000000
*/
/* h8 SouthWest
00000000
00000010
00000100
00001000
00010000
00100000
01000000
10000000
*/
/* h8 NorthWest
00000000
00000000
00000000
00000000
00000000
00000000
00000000
00000000
*/
    /* h8 */ { 0x0ULL, 0x0ULL, 0x40201008040201ULL, 0x0ULL }};
